{"C:\\Users\\31616\\Documents\\Apps\\MERN-stack-project\\frontend\\src\\components\\spinner.jsx": {"path":"C:\\Users\\31616\\Documents\\Apps\\MERN-stack-project\\frontend\\src\\components\\spinner.jsx","statementMap":{"0":{"start":{"line":3,"column":16},"end":{"line":3,"column":29}},"1":{"start":{"line":3,"column":22},"end":{"line":3,"column":29}}},"fnMap":{"0":{"name":"(anonymous_0)","decl":{"start":{"line":3,"column":16},"end":{"line":3,"column":17}},"loc":{"start":{"line":3,"column":22},"end":{"line":3,"column":29}},"line":3}},"branchMap":{},"s":{"0":1,"1":0},"f":{"0":0},"b":{},"_coverageSchema":"1a1c01bbd47fc00a2c39e90264f33305004495a9","hash":"a1f06d96b136f43e527fe9f9db77497f26bfd974"}
,"C:\\Users\\31616\\Documents\\Apps\\MERN-stack-project\\frontend\\src\\components\\animated\\Loader.jsx": {"path":"C:\\Users\\31616\\Documents\\Apps\\MERN-stack-project\\frontend\\src\\components\\animated\\Loader.jsx","statementMap":{"0":{"start":{"line":3,"column":15},"end":{"line":10,"column":1}},"1":{"start":{"line":4,"column":2},"end":{"line":9,"column":8}}},"fnMap":{"0":{"name":"(anonymous_0)","decl":{"start":{"line":3,"column":15},"end":{"line":3,"column":16}},"loc":{"start":{"line":4,"column":2},"end":{"line":9,"column":8}},"line":4}},"branchMap":{},"s":{"0":1,"1":0},"f":{"0":0},"b":{},"_coverageSchema":"1a1c01bbd47fc00a2c39e90264f33305004495a9","hash":"3101e85f8810a3b0fedf899e6fbc0fe563aa3a7e"}
}
