TN:
SF:config.js
FNF:0
FNH:0
DA:1,2
DA:4,2
DA:7,2
DA:10,2
LF:4
LH:4
BRF:0
BRH:0
end_of_record
TN:
SF:src\components\spinner.jsx
FN:3,(anonymous_0)
FNF:1
FNH:1
FNDA:1,(anonymous_0)
DA:3,1
LF:1
LH:1
BRF:0
BRH:0
end_of_record
TN:
SF:src\components\animated\Loader.jsx
FN:3,(anonymous_0)
FNF:1
FNH:1
FNDA:3,(anonymous_0)
DA:3,1
DA:4,3
LF:2
LH:2
BRF:0
BRH:0
end_of_record
TN:
SF:src\components\invites\InviteOperations.jsx
FN:7,(anonymous_0)
FN:13,(anonymous_1)
FN:15,(anonymous_2)
FN:17,(anonymous_3)
FN:25,(anonymous_4)
FN:31,(anonymous_5)
FN:39,(anonymous_6)
FN:66,(anonymous_7)
FN:69,(anonymous_8)
FNF:9
FNH:3
FNDA:4,(anonymous_0)
FNDA:8,(anonymous_1)
FNDA:8,(anonymous_2)
FNDA:0,(anonymous_3)
FNDA:0,(anonymous_4)
FNDA:0,(anonymous_5)
FNDA:0,(anonymous_6)
FNDA:0,(anonymous_7)
FNDA:0,(anonymous_8)
DA:7,1
DA:9,4
DA:10,4
DA:13,8
DA:15,8
DA:17,4
DA:18,0
DA:21,0
DA:26,0
DA:29,0
DA:32,0
DA:39,0
DA:40,0
DA:42,0
DA:46,4
DA:67,0
DA:68,0
DA:69,0
DA:70,0
LF:19
LH:7
BRDA:51,0,0,0
BRDA:51,0,1,4
BRDA:63,1,0,0
BRDA:63,1,1,4
BRF:4
BRH:2
end_of_record
TN:
SF:src\components\layout\Layout.jsx
FN:7,(anonymous_0)
FN:10,(anonymous_1)
FN:13,(anonymous_2)
FN:18,(anonymous_3)
FNF:4
FNH:4
FNDA:11,(anonymous_0)
FNDA:17,(anonymous_1)
FNDA:6,(anonymous_2)
FNDA:5,(anonymous_3)
DA:7,2
DA:10,17
DA:13,11
DA:14,6
DA:15,1
DA:18,5
DA:20,5
DA:24,11
LF:8
LH:8
BRDA:14,0,0,1
BRDA:14,0,1,5
BRF:2
BRH:2
end_of_record
TN:
SF:src\components\layout\Navbar.jsx
FN:10,(anonymous_0)
FN:12,(anonymous_1)
FN:14,(anonymous_2)
FN:18,(anonymous_3)
FN:25,(anonymous_4)
FN:32,(anonymous_5)
FN:45,(anonymous_6)
FN:51,(anonymous_7)
FN:56,(anonymous_8)
FN:60,(anonymous_9)
FN:61,(anonymous_10)
FN:71,(anonymous_11)
FN:99,(anonymous_12)
FNF:13
FNH:9
FNDA:11,(anonymous_0)
FNDA:17,(anonymous_1)
FNDA:17,(anonymous_2)
FNDA:17,(anonymous_3)
FNDA:0,(anonymous_4)
FNDA:6,(anonymous_5)
FNDA:6,(anonymous_6)
FNDA:0,(anonymous_7)
FNDA:5,(anonymous_8)
FNDA:6,(anonymous_9)
FNDA:0,(anonymous_10)
FNDA:6,(anonymous_11)
FNDA:0,(anonymous_12)
DA:10,2
DA:12,17
DA:14,17
DA:16,11
DA:18,17
DA:21,11
DA:23,11
DA:25,11
DA:26,0
DA:29,11
DA:32,11
DA:34,6
DA:35,4
DA:39,2
DA:41,2
DA:45,11
DA:47,6
DA:48,1
DA:51,5
DA:52,0
DA:56,5
DA:60,11
DA:61,6
DA:63,0
DA:64,0
DA:68,6
DA:71,6
DA:72,6
DA:76,11
DA:100,0
DA:101,0
LF:31
LH:25
BRDA:34,0,0,4
BRDA:34,0,1,2
BRDA:34,1,0,6
BRDA:34,1,1,2
BRDA:39,2,0,2
BRDA:39,2,1,2
BRDA:47,3,0,1
BRDA:47,3,1,5
BRDA:63,4,0,0
BRDA:63,4,1,0
BRDA:63,5,0,0
BRDA:63,5,1,0
BRDA:91,6,0,10
BRDA:91,6,1,1
BRDA:100,7,0,0
BRDA:100,7,1,0
BRDA:111,8,0,0
BRDA:111,8,1,10
BRDA:117,9,0,2
BRDA:117,9,1,8
BRDA:123,10,0,0
BRDA:123,10,1,10
BRDA:128,11,0,0
BRDA:128,11,1,0
BRDA:131,12,0,0
BRDA:131,12,1,0
BRDA:149,13,0,0
BRDA:149,13,1,0
BRF:28
BRH:14
end_of_record
TN:
SF:src\pages\Home.jsx
FN:7,(anonymous_0)
FN:9,(anonymous_1)
FN:19,(anonymous_2)
FN:31,(anonymous_3)
FN:61,(anonymous_4)
FN:66,(anonymous_5)
FNF:6
FNH:4
FNDA:7,(anonymous_0)
FNDA:11,(anonymous_1)
FNDA:1,(anonymous_2)
FNDA:2,(anonymous_3)
FNDA:0,(anonymous_4)
FNDA:0,(anonymous_5)
DA:7,1
DA:9,11
DA:11,7
DA:13,7
DA:14,7
DA:16,7
DA:19,7
DA:20,1
DA:22,1
DA:25,1
DA:27,1
DA:31,7
DA:32,2
DA:33,2
DA:37,7
DA:38,6
DA:62,0
DA:66,0
DA:103,1
LF:19
LH:17
BRDA:37,0,0,6
BRDA:37,0,1,1
BRDA:73,1,0,1
BRDA:73,1,1,5
BRF:4
BRH:4
end_of_record
TN:
SF:src\pages\invites\InvitesList.jsx
FN:10,(anonymous_0)
FN:18,(anonymous_1)
FN:20,(anonymous_2)
FN:25,(anonymous_3)
FN:28,(anonymous_4)
FN:33,(anonymous_5)
FN:38,(anonymous_6)
FN:49,(anonymous_7)
FN:52,(anonymous_8)
FN:55,(anonymous_9)
FN:69,(anonymous_10)
FN:97,(anonymous_11)
FNF:12
FNH:7
FNDA:4,(anonymous_0)
FNDA:6,(anonymous_1)
FNDA:6,(anonymous_2)
FNDA:6,(anonymous_3)
FNDA:2,(anonymous_4)
FNDA:2,(anonymous_5)
FNDA:0,(anonymous_6)
FNDA:0,(anonymous_7)
FNDA:0,(anonymous_8)
FNDA:0,(anonymous_9)
FNDA:0,(anonymous_10)
FNDA:4,(anonymous_11)
DA:10,1
DA:12,4
DA:15,4
DA:18,6
DA:20,6
DA:23,4
DA:25,6
DA:28,4
DA:30,2
DA:33,4
DA:34,2
DA:38,4
DA:39,0
DA:46,0
DA:48,0
DA:50,0
DA:52,0
DA:54,0
DA:55,0
DA:58,0
DA:59,0
DA:60,0
DA:63,0
DA:70,0
DA:74,4
DA:98,4
LF:26
LH:14
BRDA:58,0,0,0
BRDA:58,0,1,0
BRDA:133,1,0,2
BRDA:133,1,1,2
BRDA:138,2,0,2
BRDA:138,2,1,0
BRF:6
BRH:3
end_of_record
TN:
SF:src\store\actions.jsx
FNF:0
FNH:0
DA:1,2
DA:3,2
DA:5,2
DA:7,2
LF:4
LH:4
BRF:0
BRH:0
end_of_record
TN:
SF:src\store\reducers.jsx
FN:8,(anonymous_0)
FN:16,(anonymous_1)
FN:25,(anonymous_2)
FN:33,(anonymous_3)
FNF:4
FNH:4
FNDA:6,(anonymous_0)
FNDA:6,(anonymous_1)
FNDA:6,(anonymous_2)
FNDA:6,(anonymous_3)
DA:8,2
DA:9,6
DA:11,0
DA:13,6
DA:16,2
DA:17,6
DA:19,0
DA:21,6
DA:25,2
DA:26,6
DA:28,0
DA:30,6
DA:33,2
DA:34,6
DA:36,0
DA:38,6
LF:16
LH:12
BRDA:8,0,0,6
BRDA:9,1,0,0
BRDA:9,1,1,6
BRDA:16,2,0,6
BRDA:17,3,0,0
BRDA:17,3,1,6
BRDA:25,4,0,6
BRDA:26,5,0,0
BRDA:26,5,1,6
BRDA:33,6,0,6
BRDA:34,7,0,0
BRDA:34,7,1,6
BRF:12
BRH:8
end_of_record
TN:
SF:src\store\rootReducer.jsx
FNF:0
FNH:0
DA:9,2
LF:1
LH:1
BRF:0
BRH:0
end_of_record
TN:
SF:src\store\store.jsx
FNF:0
FNH:0
DA:8,2
LF:1
LH:1
BRF:0
BRH:0
end_of_record
TN:
SF:src\utils\invites\recievedInvitesUpdater.jsx
FN:7,(anonymous_0)
FN:14,(anonymous_1)
FN:18,(anonymous_2)
FN:26,(anonymous_3)
FN:33,(anonymous_4)
FN:46,(anonymous_5)
FNF:6
FNH:2
FNDA:7,(anonymous_0)
FNDA:5,(anonymous_1)
FNDA:0,(anonymous_2)
FNDA:0,(anonymous_3)
FNDA:0,(anonymous_4)
FNDA:0,(anonymous_5)
DA:7,2
DA:8,7
DA:9,2
DA:13,5
DA:16,5
DA:21,0
DA:22,0
DA:24,0
DA:27,0
DA:32,5
DA:35,0
DA:41,0
DA:47,0
DA:49,0
LF:14
LH:6
BRDA:8,0,0,2
BRDA:8,0,1,5
BRDA:21,1,0,0
BRDA:21,1,1,0
BRF:4
BRH:2
end_of_record
TN:
SF:src\utils\validation\companyNameValidator.jsx
FN:1,companyNameValidator
FNF:1
FNH:1
FNDA:38,companyNameValidator
DA:2,38
DA:3,38
LF:2
LH:2
BRDA:3,0,0,38
BRDA:3,0,1,6
BRF:2
BRH:2
end_of_record
TN:
SF:src\utils\validation\companySloganValidator.jsx
FN:3,companySloganValidator
FNF:1
FNH:1
FNDA:9,companySloganValidator
DA:4,9
DA:6,9
LF:2
LH:2
BRDA:6,0,0,9
BRDA:6,0,1,8
BRDA:6,0,2,7
BRF:3
BRH:3
end_of_record
TN:
SF:src\utils\validation\emailValidator.jsx
FN:1,(anonymous_0)
FNF:1
FNH:1
FNDA:14,(anonymous_0)
DA:1,1
DA:3,14
DA:5,14
DA:6,14
LF:4
LH:4
BRDA:6,0,0,14
BRDA:6,0,1,6
BRF:2
BRH:2
end_of_record
