{"C:\\Users\\31616\\Documents\\Apps\\MERN-stack-project\\frontend\\config.js": {"path":"C:\\Users\\31616\\Documents\\Apps\\MERN-stack-project\\frontend\\config.js","statementMap":{"0":{"start":{"line":1,"column":27},"end":{"line":1,"column":50}},"1":{"start":{"line":4,"column":28},"end":{"line":4,"column":32}},"2":{"start":{"line":7,"column":2},"end":{"line":7,"column":56}},"3":{"start":{"line":10,"column":2},"end":{"line":10,"column":54}}},"fnMap":{},"branchMap":{},"s":{"0":2,"1":2,"2":2,"3":2},"f":{},"b":{},"_coverageSchema":"1a1c01bbd47fc00a2c39e90264f33305004495a9","hash":"53d5938b80f002f5b0106ebe352c97e3018265a8"}
,"C:\\Users\\31616\\Documents\\Apps\\MERN-stack-project\\frontend\\src\\components\\spinner.jsx": {"path":"C:\\Users\\31616\\Documents\\Apps\\MERN-stack-project\\frontend\\src\\components\\spinner.jsx","statementMap":{"0":{"start":{"line":3,"column":16},"end":{"line":3,"column":29}},"1":{"start":{"line":3,"column":22},"end":{"line":3,"column":29}}},"fnMap":{"0":{"name":"(anonymous_0)","decl":{"start":{"line":3,"column":16},"end":{"line":3,"column":17}},"loc":{"start":{"line":3,"column":22},"end":{"line":3,"column":29}},"line":3}},"branchMap":{},"s":{"0":1,"1":1},"f":{"0":1},"b":{},"_coverageSchema":"1a1c01bbd47fc00a2c39e90264f33305004495a9","hash":"a1f06d96b136f43e527fe9f9db77497f26bfd974"}
,"C:\\Users\\31616\\Documents\\Apps\\MERN-stack-project\\frontend\\src\\components\\animated\\Loader.jsx": {"path":"C:\\Users\\31616\\Documents\\Apps\\MERN-stack-project\\frontend\\src\\components\\animated\\Loader.jsx","statementMap":{"0":{"start":{"line":3,"column":15},"end":{"line":10,"column":1}},"1":{"start":{"line":4,"column":2},"end":{"line":9,"column":8}}},"fnMap":{"0":{"name":"(anonymous_0)","decl":{"start":{"line":3,"column":15},"end":{"line":3,"column":16}},"loc":{"start":{"line":4,"column":2},"end":{"line":9,"column":8}},"line":4}},"branchMap":{},"s":{"0":1,"1":3},"f":{"0":3},"b":{},"_coverageSchema":"1a1c01bbd47fc00a2c39e90264f33305004495a9","hash":"3101e85f8810a3b0fedf899e6fbc0fe563aa3a7e"}
,"C:\\Users\\31616\\Documents\\Apps\\MERN-stack-project\\frontend\\src\\components\\invites\\InviteOperations.jsx": {"path":"C:\\Users\\31616\\Documents\\Apps\\MERN-stack-project\\frontend\\src\\components\\invites\\InviteOperations.jsx","statementMap":{"0":{"start":{"line":7,"column":25},"end":{"line":80,"column":1}},"1":{"start":{"line":9,"column":58},"end":{"line":9,"column":73}},"2":{"start":{"line":10,"column":52},"end":{"line":10,"column":67}},"3":{"start":{"line":13,"column":15},"end":{"line":13,"column":49}},"4":{"start":{"line":13,"column":38},"end":{"line":13,"column":48}},"5":{"start":{"line":15,"column":17},"end":{"line":15,"column":53}},"6":{"start":{"line":15,"column":40},"end":{"line":15,"column":52}},"7":{"start":{"line":17,"column":29},"end":{"line":44,"column":3}},"8":{"start":{"line":18,"column":4},"end":{"line":18,"column":33}},"9":{"start":{"line":21,"column":4},"end":{"line":36,"column":8}},"10":{"start":{"line":26,"column":8},"end":{"line":26,"column":56}},"11":{"start":{"line":29,"column":8},"end":{"line":29,"column":50}},"12":{"start":{"line":32,"column":8},"end":{"line":35,"column":9}},"13":{"start":{"line":39,"column":4},"end":{"line":43,"column":12}},"14":{"start":{"line":40,"column":6},"end":{"line":40,"column":36}},"15":{"start":{"line":42,"column":6},"end":{"line":42,"column":50}},"16":{"start":{"line":46,"column":2},"end":{"line":79,"column":3}},"17":{"start":{"line":67,"column":14},"end":{"line":67,"column":40}},"18":{"start":{"line":68,"column":14},"end":{"line":68,"column":56}},"19":{"start":{"line":69,"column":14},"end":{"line":71,"column":22}},"20":{"start":{"line":70,"column":16},"end":{"line":70,"column":43}}},"fnMap":{"0":{"name":"(anonymous_0)","decl":{"start":{"line":7,"column":25},"end":{"line":7,"column":26}},"loc":{"start":{"line":7,"column":61},"end":{"line":80,"column":1}},"line":7},"1":{"name":"(anonymous_1)","decl":{"start":{"line":13,"column":27},"end":{"line":13,"column":28}},"loc":{"start":{"line":13,"column":38},"end":{"line":13,"column":48}},"line":13},"2":{"name":"(anonymous_2)","decl":{"start":{"line":15,"column":29},"end":{"line":15,"column":30}},"loc":{"start":{"line":15,"column":40},"end":{"line":15,"column":52}},"line":15},"3":{"name":"(anonymous_3)","decl":{"start":{"line":17,"column":29},"end":{"line":17,"column":30}},"loc":{"start":{"line":17,"column":41},"end":{"line":44,"column":3}},"line":17},"4":{"name":"(anonymous_4)","decl":{"start":{"line":25,"column":12},"end":{"line":25,"column":13}},"loc":{"start":{"line":25,"column":26},"end":{"line":30,"column":7}},"line":25},"5":{"name":"(anonymous_5)","decl":{"start":{"line":31,"column":13},"end":{"line":31,"column":14}},"loc":{"start":{"line":31,"column":24},"end":{"line":36,"column":7}},"line":31},"6":{"name":"(anonymous_6)","decl":{"start":{"line":39,"column":15},"end":{"line":39,"column":16}},"loc":{"start":{"line":39,"column":21},"end":{"line":43,"column":5}},"line":39},"7":{"name":"(anonymous_7)","decl":{"start":{"line":66,"column":21},"end":{"line":66,"column":22}},"loc":{"start":{"line":66,"column":27},"end":{"line":72,"column":13}},"line":66},"8":{"name":"(anonymous_8)","decl":{"start":{"line":69,"column":25},"end":{"line":69,"column":26}},"loc":{"start":{"line":69,"column":31},"end":{"line":71,"column":15}},"line":69}},"branchMap":{"0":{"loc":{"start":{"line":51,"column":12},"end":{"line":53,"column":51}},"type":"cond-expr","locations":[{"start":{"line":52,"column":16},"end":{"line":52,"column":35}},{"start":{"line":53,"column":16},"end":{"line":53,"column":51}}],"line":51},"1":{"loc":{"start":{"line":63,"column":14},"end":{"line":63,"column":53}},"type":"cond-expr","locations":[{"start":{"line":63,"column":34},"end":{"line":63,"column":48}},{"start":{"line":63,"column":51},"end":{"line":63,"column":53}}],"line":63}},"s":{"0":1,"1":0,"2":0,"3":0,"4":0,"5":0,"6":0,"7":0,"8":0,"9":0,"10":0,"11":0,"12":0,"13":0,"14":0,"15":0,"16":0,"17":0,"18":0,"19":0,"20":0},"f":{"0":0,"1":0,"2":0,"3":0,"4":0,"5":0,"6":0,"7":0,"8":0},"b":{"0":[0,0],"1":[0,0]},"_coverageSchema":"1a1c01bbd47fc00a2c39e90264f33305004495a9","hash":"5b1562dfc3d360c4297a590ce53ae6275c691b9f"}
,"C:\\Users\\31616\\Documents\\Apps\\MERN-stack-project\\frontend\\src\\components\\layout\\Layout.jsx": {"path":"C:\\Users\\31616\\Documents\\Apps\\MERN-stack-project\\frontend\\src\\components\\layout\\Layout.jsx","statementMap":{"0":{"start":{"line":7,"column":15},"end":{"line":32,"column":1}},"1":{"start":{"line":10,"column":17},"end":{"line":10,"column":53}},"2":{"start":{"line":10,"column":40},"end":{"line":10,"column":52}},"3":{"start":{"line":13,"column":2},"end":{"line":22,"column":14}},"4":{"start":{"line":14,"column":4},"end":{"line":16,"column":5}},"5":{"start":{"line":15,"column":6},"end":{"line":15,"column":12}},"6":{"start":{"line":18,"column":4},"end":{"line":21,"column":5}},"7":{"start":{"line":20,"column":6},"end":{"line":20,"column":39}},"8":{"start":{"line":24,"column":2},"end":{"line":31,"column":3}}},"fnMap":{"0":{"name":"(anonymous_0)","decl":{"start":{"line":7,"column":15},"end":{"line":7,"column":16}},"loc":{"start":{"line":7,"column":33},"end":{"line":32,"column":1}},"line":7},"1":{"name":"(anonymous_1)","decl":{"start":{"line":10,"column":29},"end":{"line":10,"column":30}},"loc":{"start":{"line":10,"column":40},"end":{"line":10,"column":52}},"line":10},"2":{"name":"(anonymous_2)","decl":{"start":{"line":13,"column":12},"end":{"line":13,"column":13}},"loc":{"start":{"line":13,"column":18},"end":{"line":22,"column":3}},"line":13},"3":{"name":"(anonymous_3)","decl":{"start":{"line":18,"column":11},"end":{"line":18,"column":12}},"loc":{"start":{"line":18,"column":17},"end":{"line":21,"column":5}},"line":18}},"branchMap":{"0":{"loc":{"start":{"line":14,"column":4},"end":{"line":16,"column":5}},"type":"if","locations":[{"start":{"line":14,"column":4},"end":{"line":16,"column":5}},{"start":{},"end":{}}],"line":14}},"s":{"0":1,"1":0,"2":0,"3":0,"4":0,"5":0,"6":0,"7":0,"8":0},"f":{"0":0,"1":0,"2":0,"3":0},"b":{"0":[0,0]},"_coverageSchema":"1a1c01bbd47fc00a2c39e90264f33305004495a9","hash":"bfd4cb1af0ece55ab353cb6defa1d1b8b1c04679"}
,"C:\\Users\\31616\\Documents\\Apps\\MERN-stack-project\\frontend\\src\\components\\layout\\Navbar.jsx": {"path":"C:\\Users\\31616\\Documents\\Apps\\MERN-stack-project\\frontend\\src\\components\\layout\\Navbar.jsx","statementMap":{"0":{"start":{"line":10,"column":15},"end":{"line":204,"column":1}},"1":{"start":{"line":12,"column":17},"end":{"line":12,"column":53}},"2":{"start":{"line":12,"column":40},"end":{"line":12,"column":52}},"3":{"start":{"line":14,"column":11},"end":{"line":14,"column":45}},"4":{"start":{"line":14,"column":34},"end":{"line":14,"column":44}},"5":{"start":{"line":16,"column":29},"end":{"line":19,"column":5}},"6":{"start":{"line":18,"column":17},"end":{"line":18,"column":45}},"7":{"start":{"line":21,"column":36},"end":{"line":21,"column":51}},"8":{"start":{"line":23,"column":42},"end":{"line":23,"column":57}},"9":{"start":{"line":25,"column":21},"end":{"line":27,"column":5}},"10":{"start":{"line":26,"column":6},"end":{"line":26,"column":40}},"11":{"start":{"line":29,"column":18},"end":{"line":29,"column":30}},"12":{"start":{"line":32,"column":2},"end":{"line":42,"column":44}},"13":{"start":{"line":34,"column":4},"end":{"line":36,"column":5}},"14":{"start":{"line":35,"column":6},"end":{"line":35,"column":12}},"15":{"start":{"line":39,"column":6},"end":{"line":39,"column":65}},"16":{"start":{"line":41,"column":4},"end":{"line":41,"column":37}},"17":{"start":{"line":45,"column":2},"end":{"line":57,"column":14}},"18":{"start":{"line":47,"column":4},"end":{"line":49,"column":5}},"19":{"start":{"line":48,"column":6},"end":{"line":48,"column":12}},"20":{"start":{"line":51,"column":21},"end":{"line":54,"column":12}},"21":{"start":{"line":52,"column":6},"end":{"line":52,"column":39}},"22":{"start":{"line":56,"column":4},"end":{"line":56,"column":40}},"23":{"start":{"line":56,"column":17},"end":{"line":56,"column":40}},"24":{"start":{"line":60,"column":2},"end":{"line":74,"column":8}},"25":{"start":{"line":61,"column":31},"end":{"line":66,"column":5}},"26":{"start":{"line":63,"column":6},"end":{"line":65,"column":7}},"27":{"start":{"line":64,"column":8},"end":{"line":64,"column":32}},"28":{"start":{"line":68,"column":4},"end":{"line":68,"column":60}},"29":{"start":{"line":71,"column":4},"end":{"line":73,"column":5}},"30":{"start":{"line":72,"column":6},"end":{"line":72,"column":65}},"31":{"start":{"line":76,"column":2},"end":{"line":203,"column":3}},"32":{"start":{"line":100,"column":24},"end":{"line":102,"column":25}},"33":{"start":{"line":101,"column":26},"end":{"line":101,"column":42}}},"fnMap":{"0":{"name":"(anonymous_0)","decl":{"start":{"line":10,"column":15},"end":{"line":10,"column":16}},"loc":{"start":{"line":10,"column":21},"end":{"line":204,"column":1}},"line":10},"1":{"name":"(anonymous_1)","decl":{"start":{"line":12,"column":29},"end":{"line":12,"column":30}},"loc":{"start":{"line":12,"column":40},"end":{"line":12,"column":52}},"line":12},"2":{"name":"(anonymous_2)","decl":{"start":{"line":14,"column":23},"end":{"line":14,"column":24}},"loc":{"start":{"line":14,"column":34},"end":{"line":14,"column":44}},"line":14},"3":{"name":"(anonymous_3)","decl":{"start":{"line":18,"column":6},"end":{"line":18,"column":7}},"loc":{"start":{"line":18,"column":17},"end":{"line":18,"column":45}},"line":18},"4":{"name":"(anonymous_4)","decl":{"start":{"line":25,"column":21},"end":{"line":25,"column":22}},"loc":{"start":{"line":25,"column":27},"end":{"line":27,"column":5}},"line":25},"5":{"name":"(anonymous_5)","decl":{"start":{"line":32,"column":12},"end":{"line":32,"column":13}},"loc":{"start":{"line":32,"column":18},"end":{"line":42,"column":3}},"line":32},"6":{"name":"(anonymous_6)","decl":{"start":{"line":45,"column":12},"end":{"line":45,"column":13}},"loc":{"start":{"line":45,"column":18},"end":{"line":57,"column":3}},"line":45},"7":{"name":"(anonymous_7)","decl":{"start":{"line":51,"column":33},"end":{"line":51,"column":34}},"loc":{"start":{"line":51,"column":39},"end":{"line":54,"column":5}},"line":51},"8":{"name":"(anonymous_8)","decl":{"start":{"line":56,"column":11},"end":{"line":56,"column":12}},"loc":{"start":{"line":56,"column":17},"end":{"line":56,"column":40}},"line":56},"9":{"name":"(anonymous_9)","decl":{"start":{"line":60,"column":12},"end":{"line":60,"column":13}},"loc":{"start":{"line":60,"column":18},"end":{"line":74,"column":3}},"line":60},"10":{"name":"(anonymous_10)","decl":{"start":{"line":61,"column":31},"end":{"line":61,"column":32}},"loc":{"start":{"line":61,"column":42},"end":{"line":66,"column":5}},"line":61},"11":{"name":"(anonymous_11)","decl":{"start":{"line":71,"column":11},"end":{"line":71,"column":12}},"loc":{"start":{"line":71,"column":17},"end":{"line":73,"column":5}},"line":71},"12":{"name":"(anonymous_12)","decl":{"start":{"line":99,"column":33},"end":{"line":99,"column":34}},"loc":{"start":{"line":99,"column":44},"end":{"line":103,"column":23}},"line":99}},"branchMap":{"0":{"loc":{"start":{"line":34,"column":4},"end":{"line":36,"column":5}},"type":"if","locations":[{"start":{"line":34,"column":4},"end":{"line":36,"column":5}},{"start":{},"end":{}}],"line":34},"1":{"loc":{"start":{"line":34,"column":8},"end":{"line":34,"column":42}},"type":"binary-expr","locations":[{"start":{"line":34,"column":8},"end":{"line":34,"column":31}},{"start":{"line":34,"column":35},"end":{"line":34,"column":42}}],"line":34},"2":{"loc":{"start":{"line":39,"column":6},"end":{"line":39,"column":65}},"type":"binary-expr","locations":[{"start":{"line":39,"column":6},"end":{"line":39,"column":28}},{"start":{"line":39,"column":32},"end":{"line":39,"column":65}}],"line":39},"3":{"loc":{"start":{"line":47,"column":4},"end":{"line":49,"column":5}},"type":"if","locations":[{"start":{"line":47,"column":4},"end":{"line":49,"column":5}},{"start":{},"end":{}}],"line":47},"4":{"loc":{"start":{"line":63,"column":6},"end":{"line":65,"column":7}},"type":"if","locations":[{"start":{"line":63,"column":6},"end":{"line":65,"column":7}},{"start":{},"end":{}}],"line":63},"5":{"loc":{"start":{"line":63,"column":10},"end":{"line":63,"column":76}},"type":"binary-expr","locations":[{"start":{"line":63,"column":10},"end":{"line":63,"column":29}},{"start":{"line":63,"column":33},"end":{"line":63,"column":76}}],"line":63},"6":{"loc":{"start":{"line":91,"column":13},"end":{"line":198,"column":13}},"type":"cond-expr","locations":[{"start":{"line":92,"column":14},"end":{"line":188,"column":20}},{"start":{"line":190,"column":14},"end":{"line":197,"column":20}}],"line":91},"7":{"loc":{"start":{"line":100,"column":24},"end":{"line":102,"column":25}},"type":"if","locations":[{"start":{"line":100,"column":24},"end":{"line":102,"column":25}},{"start":{},"end":{}}],"line":100},"8":{"loc":{"start":{"line":111,"column":26},"end":{"line":113,"column":96}},"type":"cond-expr","locations":[{"start":{"line":112,"column":30},"end":{"line":112,"column":53}},{"start":{"line":113,"column":30},"end":{"line":113,"column":96}}],"line":111},"9":{"loc":{"start":{"line":117,"column":23},"end":{"line":121,"column":23}},"type":"cond-expr","locations":[{"start":{"line":118,"column":24},"end":{"line":118,"column":137}},{"start":{"line":120,"column":24},"end":{"line":120,"column":115}}],"line":117},"10":{"loc":{"start":{"line":123,"column":21},"end":{"line":185,"column":28}},"type":"cond-expr","locations":[{"start":{"line":124,"column":22},"end":{"line":184,"column":28}},{"start":{"line":185,"column":24},"end":{"line":185,"column":28}}],"line":123},"11":{"loc":{"start":{"line":128,"column":25},"end":{"line":145,"column":25}},"type":"cond-expr","locations":[{"start":{"line":129,"column":26},"end":{"line":142,"column":32}},{"start":{"line":144,"column":26},"end":{"line":144,"column":28}}],"line":128},"12":{"loc":{"start":{"line":131,"column":31},"end":{"line":140,"column":31}},"type":"cond-expr","locations":[{"start":{"line":132,"column":32},"end":{"line":137,"column":38}},{"start":{"line":139,"column":32},"end":{"line":139,"column":34}}],"line":131},"13":{"loc":{"start":{"line":149,"column":28},"end":{"line":149,"column":58}},"type":"cond-expr","locations":[{"start":{"line":149,"column":42},"end":{"line":149,"column":53}},{"start":{"line":149,"column":56},"end":{"line":149,"column":58}}],"line":149}},"s":{"0":1,"1":0,"2":0,"3":0,"4":0,"5":0,"6":0,"7":0,"8":0,"9":0,"10":0,"11":0,"12":0,"13":0,"14":0,"15":0,"16":0,"17":0,"18":0,"19":0,"20":0,"21":0,"22":0,"23":0,"24":0,"25":0,"26":0,"27":0,"28":0,"29":0,"30":0,"31":0,"32":0,"33":0},"f":{"0":0,"1":0,"2":0,"3":0,"4":0,"5":0,"6":0,"7":0,"8":0,"9":0,"10":0,"11":0,"12":0},"b":{"0":[0,0],"1":[0,0],"2":[0,0],"3":[0,0],"4":[0,0],"5":[0,0],"6":[0,0],"7":[0,0],"8":[0,0],"9":[0,0],"10":[0,0],"11":[0,0],"12":[0,0],"13":[0,0]},"_coverageSchema":"1a1c01bbd47fc00a2c39e90264f33305004495a9","hash":"480b578af11eaf954c9cf3592b9c6408430ad231"}
,"C:\\Users\\31616\\Documents\\Apps\\MERN-stack-project\\frontend\\src\\pages\\Home.jsx": {"path":"C:\\Users\\31616\\Documents\\Apps\\MERN-stack-project\\frontend\\src\\pages\\Home.jsx","statementMap":{"0":{"start":{"line":7,"column":13},"end":{"line":117,"column":1}},"1":{"start":{"line":9,"column":17},"end":{"line":9,"column":53}},"2":{"start":{"line":9,"column":40},"end":{"line":9,"column":52}},"3":{"start":{"line":11,"column":42},"end":{"line":11,"column":57}},"4":{"start":{"line":13,"column":36},"end":{"line":13,"column":48}},"5":{"start":{"line":14,"column":32},"end":{"line":14,"column":44}},"6":{"start":{"line":16,"column":15},"end":{"line":16,"column":28}},"7":{"start":{"line":19,"column":33},"end":{"line":28,"column":3}},"8":{"start":{"line":20,"column":4},"end":{"line":20,"column":26}},"9":{"start":{"line":22,"column":4},"end":{"line":22,"column":27}},"10":{"start":{"line":25,"column":4},"end":{"line":25,"column":49}},"11":{"start":{"line":27,"column":4},"end":{"line":27,"column":40}},"12":{"start":{"line":31,"column":34},"end":{"line":34,"column":3}},"13":{"start":{"line":32,"column":4},"end":{"line":32,"column":38}},"14":{"start":{"line":33,"column":4},"end":{"line":33,"column":56}},"15":{"start":{"line":37,"column":2},"end":{"line":100,"column":3}},"16":{"start":{"line":38,"column":4},"end":{"line":99,"column":5}},"17":{"start":{"line":62,"column":25},"end":{"line":63,"column":101}},"18":{"start":{"line":66,"column":43},"end":{"line":66,"column":72}},"19":{"start":{"line":103,"column":2},"end":{"line":116,"column":3}}},"fnMap":{"0":{"name":"(anonymous_0)","decl":{"start":{"line":7,"column":13},"end":{"line":7,"column":14}},"loc":{"start":{"line":7,"column":19},"end":{"line":117,"column":1}},"line":7},"1":{"name":"(anonymous_1)","decl":{"start":{"line":9,"column":29},"end":{"line":9,"column":30}},"loc":{"start":{"line":9,"column":40},"end":{"line":9,"column":52}},"line":9},"2":{"name":"(anonymous_2)","decl":{"start":{"line":19,"column":33},"end":{"line":19,"column":34}},"loc":{"start":{"line":19,"column":44},"end":{"line":28,"column":3}},"line":19},"3":{"name":"(anonymous_3)","decl":{"start":{"line":31,"column":34},"end":{"line":31,"column":35}},"loc":{"start":{"line":31,"column":45},"end":{"line":34,"column":3}},"line":31},"4":{"name":"(anonymous_4)","decl":{"start":{"line":61,"column":30},"end":{"line":61,"column":31}},"loc":{"start":{"line":62,"column":25},"end":{"line":63,"column":101}},"line":62},"5":{"name":"(anonymous_5)","decl":{"start":{"line":66,"column":31},"end":{"line":66,"column":32}},"loc":{"start":{"line":66,"column":43},"end":{"line":66,"column":72}},"line":66}},"branchMap":{"0":{"loc":{"start":{"line":37,"column":2},"end":{"line":100,"column":3}},"type":"if","locations":[{"start":{"line":37,"column":2},"end":{"line":100,"column":3}},{"start":{},"end":{}}],"line":37},"1":{"loc":{"start":{"line":73,"column":24},"end":{"line":75,"column":143}},"type":"cond-expr","locations":[{"start":{"line":74,"column":28},"end":{"line":74,"column":92}},{"start":{"line":75,"column":28},"end":{"line":75,"column":143}}],"line":73}},"s":{"0":1,"1":0,"2":0,"3":0,"4":0,"5":0,"6":0,"7":0,"8":0,"9":0,"10":0,"11":0,"12":0,"13":0,"14":0,"15":0,"16":0,"17":0,"18":0,"19":0},"f":{"0":0,"1":0,"2":0,"3":0,"4":0,"5":0},"b":{"0":[0,0],"1":[0,0]},"_coverageSchema":"1a1c01bbd47fc00a2c39e90264f33305004495a9","hash":"f974c13a73ed80ca4078ac4bbdc8a5dae380b32f"}
,"C:\\Users\\31616\\Documents\\Apps\\MERN-stack-project\\frontend\\src\\store\\actions.jsx": {"path":"C:\\Users\\31616\\Documents\\Apps\\MERN-stack-project\\frontend\\src\\store\\actions.jsx","statementMap":{"0":{"start":{"line":1,"column":33},"end":{"line":1,"column":59}},"1":{"start":{"line":3,"column":12},"end":{"line":3,"column":21}},"2":{"start":{"line":5,"column":9},"end":{"line":5,"column":15}},"3":{"start":{"line":7,"column":29},"end":{"line":7,"column":55}}},"fnMap":{},"branchMap":{},"s":{"0":1,"1":1,"2":1,"3":1},"f":{},"b":{},"_coverageSchema":"1a1c01bbd47fc00a2c39e90264f33305004495a9","hash":"35029783b09d455810fd3a11da57baa7d0ed0e77"}
,"C:\\Users\\31616\\Documents\\Apps\\MERN-stack-project\\frontend\\src\\store\\reducers.jsx": {"path":"C:\\Users\\31616\\Documents\\Apps\\MERN-stack-project\\frontend\\src\\store\\reducers.jsx","statementMap":{"0":{"start":{"line":8,"column":37},"end":{"line":15,"column":3}},"1":{"start":{"line":9,"column":4},"end":{"line":14,"column":5}},"2":{"start":{"line":11,"column":8},"end":{"line":11,"column":29}},"3":{"start":{"line":13,"column":8},"end":{"line":13,"column":20}},"4":{"start":{"line":16,"column":18},"end":{"line":23,"column":3}},"5":{"start":{"line":17,"column":4},"end":{"line":22,"column":5}},"6":{"start":{"line":19,"column":8},"end":{"line":19,"column":29}},"7":{"start":{"line":21,"column":8},"end":{"line":21,"column":20}},"8":{"start":{"line":25,"column":16},"end":{"line":32,"column":3}},"9":{"start":{"line":26,"column":4},"end":{"line":31,"column":5}},"10":{"start":{"line":28,"column":8},"end":{"line":28,"column":29}},"11":{"start":{"line":30,"column":8},"end":{"line":30,"column":20}},"12":{"start":{"line":33,"column":34},"end":{"line":40,"column":3}},"13":{"start":{"line":34,"column":4},"end":{"line":39,"column":5}},"14":{"start":{"line":36,"column":8},"end":{"line":36,"column":29}},"15":{"start":{"line":38,"column":8},"end":{"line":38,"column":20}}},"fnMap":{"0":{"name":"(anonymous_0)","decl":{"start":{"line":8,"column":37},"end":{"line":8,"column":38}},"loc":{"start":{"line":8,"column":65},"end":{"line":15,"column":3}},"line":8},"1":{"name":"(anonymous_1)","decl":{"start":{"line":16,"column":18},"end":{"line":16,"column":19}},"loc":{"start":{"line":16,"column":44},"end":{"line":23,"column":3}},"line":16},"2":{"name":"(anonymous_2)","decl":{"start":{"line":25,"column":16},"end":{"line":25,"column":17}},"loc":{"start":{"line":25,"column":42},"end":{"line":32,"column":3}},"line":25},"3":{"name":"(anonymous_3)","decl":{"start":{"line":33,"column":34},"end":{"line":33,"column":35}},"loc":{"start":{"line":33,"column":60},"end":{"line":40,"column":3}},"line":33}},"branchMap":{"0":{"loc":{"start":{"line":8,"column":38},"end":{"line":8,"column":52}},"type":"default-arg","locations":[{"start":{"line":8,"column":46},"end":{"line":8,"column":52}}],"line":8},"1":{"loc":{"start":{"line":9,"column":4},"end":{"line":14,"column":5}},"type":"switch","locations":[{"start":{"line":10,"column":6},"end":{"line":11,"column":29}},{"start":{"line":12,"column":6},"end":{"line":13,"column":20}}],"line":9},"2":{"loc":{"start":{"line":16,"column":19},"end":{"line":16,"column":31}},"type":"default-arg","locations":[{"start":{"line":16,"column":27},"end":{"line":16,"column":31}}],"line":16},"3":{"loc":{"start":{"line":17,"column":4},"end":{"line":22,"column":5}},"type":"switch","locations":[{"start":{"line":18,"column":6},"end":{"line":19,"column":29}},{"start":{"line":20,"column":6},"end":{"line":21,"column":20}}],"line":17},"4":{"loc":{"start":{"line":25,"column":17},"end":{"line":25,"column":29}},"type":"default-arg","locations":[{"start":{"line":25,"column":25},"end":{"line":25,"column":29}}],"line":25},"5":{"loc":{"start":{"line":26,"column":4},"end":{"line":31,"column":5}},"type":"switch","locations":[{"start":{"line":27,"column":6},"end":{"line":28,"column":29}},{"start":{"line":29,"column":6},"end":{"line":30,"column":20}}],"line":26},"6":{"loc":{"start":{"line":33,"column":35},"end":{"line":33,"column":47}},"type":"default-arg","locations":[{"start":{"line":33,"column":43},"end":{"line":33,"column":47}}],"line":33},"7":{"loc":{"start":{"line":34,"column":4},"end":{"line":39,"column":5}},"type":"switch","locations":[{"start":{"line":35,"column":6},"end":{"line":36,"column":29}},{"start":{"line":37,"column":6},"end":{"line":38,"column":20}}],"line":34}},"s":{"0":1,"1":3,"2":0,"3":3,"4":1,"5":3,"6":0,"7":3,"8":1,"9":3,"10":0,"11":3,"12":1,"13":3,"14":0,"15":3},"f":{"0":3,"1":3,"2":3,"3":3},"b":{"0":[3],"1":[0,3],"2":[3],"3":[0,3],"4":[3],"5":[0,3],"6":[3],"7":[0,3]},"_coverageSchema":"1a1c01bbd47fc00a2c39e90264f33305004495a9","hash":"f2340d26154e9e75ca14b18a79e75cb0002df827"}
,"C:\\Users\\31616\\Documents\\Apps\\MERN-stack-project\\frontend\\src\\store\\rootReducer.jsx": {"path":"C:\\Users\\31616\\Documents\\Apps\\MERN-stack-project\\frontend\\src\\store\\rootReducer.jsx","statementMap":{"0":{"start":{"line":9,"column":20},"end":{"line":14,"column":2}}},"fnMap":{},"branchMap":{},"s":{"0":1},"f":{},"b":{},"_coverageSchema":"1a1c01bbd47fc00a2c39e90264f33305004495a9","hash":"586e6b13faff4de43b271274d8c2d7d4e29e26e3"}
,"C:\\Users\\31616\\Documents\\Apps\\MERN-stack-project\\frontend\\src\\store\\store.jsx": {"path":"C:\\Users\\31616\\Documents\\Apps\\MERN-stack-project\\frontend\\src\\store\\store.jsx","statementMap":{"0":{"start":{"line":8,"column":14},"end":{"line":11,"column":2}}},"fnMap":{},"branchMap":{},"s":{"0":1},"f":{},"b":{},"_coverageSchema":"1a1c01bbd47fc00a2c39e90264f33305004495a9","hash":"d8d1aa442e78bec1e83b8c0271c3ee86a4e332a6"}
,"C:\\Users\\31616\\Documents\\Apps\\MERN-stack-project\\frontend\\src\\utils\\invites\\recievedInvitesUpdater.jsx": {"path":"C:\\Users\\31616\\Documents\\Apps\\MERN-stack-project\\frontend\\src\\utils\\invites\\recievedInvitesUpdater.jsx","statementMap":{"0":{"start":{"line":7,"column":41},"end":{"line":54,"column":1}},"1":{"start":{"line":8,"column":2},"end":{"line":10,"column":3}},"2":{"start":{"line":9,"column":4},"end":{"line":9,"column":10}},"3":{"start":{"line":13,"column":46},"end":{"line":30,"column":3}},"4":{"start":{"line":16,"column":6},"end":{"line":28,"column":10}},"5":{"start":{"line":21,"column":10},"end":{"line":23,"column":11}},"6":{"start":{"line":22,"column":12},"end":{"line":22,"column":34}},"7":{"start":{"line":24,"column":10},"end":{"line":24,"column":49}},"8":{"start":{"line":27,"column":10},"end":{"line":27,"column":78}},"9":{"start":{"line":32,"column":2},"end":{"line":53,"column":6}},"10":{"start":{"line":35,"column":6},"end":{"line":38,"column":7}},"11":{"start":{"line":41,"column":6},"end":{"line":44,"column":8}},"12":{"start":{"line":47,"column":6},"end":{"line":47,"column":74}},"13":{"start":{"line":49,"column":6},"end":{"line":52,"column":8}}},"fnMap":{"0":{"name":"(anonymous_0)","decl":{"start":{"line":7,"column":41},"end":{"line":7,"column":42}},"loc":{"start":{"line":7,"column":53},"end":{"line":54,"column":1}},"line":7},"1":{"name":"(anonymous_1)","decl":{"start":{"line":14,"column":4},"end":{"line":14,"column":5}},"loc":{"start":{"line":14,"column":31},"end":{"line":29,"column":5}},"line":14},"2":{"name":"(anonymous_2)","decl":{"start":{"line":18,"column":14},"end":{"line":18,"column":15}},"loc":{"start":{"line":18,"column":28},"end":{"line":25,"column":9}},"line":18},"3":{"name":"(anonymous_3)","decl":{"start":{"line":26,"column":15},"end":{"line":26,"column":16}},"loc":{"start":{"line":26,"column":26},"end":{"line":28,"column":9}},"line":26},"4":{"name":"(anonymous_4)","decl":{"start":{"line":33,"column":10},"end":{"line":33,"column":11}},"loc":{"start":{"line":33,"column":23},"end":{"line":45,"column":5}},"line":33},"5":{"name":"(anonymous_5)","decl":{"start":{"line":46,"column":11},"end":{"line":46,"column":12}},"loc":{"start":{"line":46,"column":22},"end":{"line":53,"column":5}},"line":46}},"branchMap":{"0":{"loc":{"start":{"line":8,"column":2},"end":{"line":10,"column":3}},"type":"if","locations":[{"start":{"line":8,"column":2},"end":{"line":10,"column":3}},{"start":{},"end":{}}],"line":8},"1":{"loc":{"start":{"line":21,"column":10},"end":{"line":23,"column":11}},"type":"if","locations":[{"start":{"line":21,"column":10},"end":{"line":23,"column":11}},{"start":{},"end":{}}],"line":21}},"s":{"0":1,"1":0,"2":0,"3":0,"4":0,"5":0,"6":0,"7":0,"8":0,"9":0,"10":0,"11":0,"12":0,"13":0},"f":{"0":0,"1":0,"2":0,"3":0,"4":0,"5":0},"b":{"0":[0,0],"1":[0,0]},"_coverageSchema":"1a1c01bbd47fc00a2c39e90264f33305004495a9","hash":"4271f37b0bca26320e62c8376df91869e41e4c2e"}
,"C:\\Users\\31616\\Documents\\Apps\\MERN-stack-project\\frontend\\src\\utils\\validation\\companyNameValidator.jsx": {"path":"C:\\Users\\31616\\Documents\\Apps\\MERN-stack-project\\frontend\\src\\utils\\validation\\companyNameValidator.jsx","statementMap":{"0":{"start":{"line":2,"column":20},"end":{"line":2,"column":49}},"1":{"start":{"line":3,"column":2},"end":{"line":3,"column":52}}},"fnMap":{"0":{"name":"companyNameValidator","decl":{"start":{"line":1,"column":24},"end":{"line":1,"column":44}},"loc":{"start":{"line":1,"column":51},"end":{"line":4,"column":1}},"line":1}},"branchMap":{"0":{"loc":{"start":{"line":3,"column":9},"end":{"line":3,"column":52}},"type":"binary-expr","locations":[{"start":{"line":3,"column":9},"end":{"line":3,"column":29}},{"start":{"line":3,"column":33},"end":{"line":3,"column":52}}],"line":3}},"s":{"0":38,"1":38},"f":{"0":38},"b":{"0":[38,6]},"_coverageSchema":"1a1c01bbd47fc00a2c39e90264f33305004495a9","hash":"9c2429c45aab053f5fd5b3af2d99de2e7dedaaa6"}
,"C:\\Users\\31616\\Documents\\Apps\\MERN-stack-project\\frontend\\src\\utils\\validation\\companySloganValidator.jsx": {"path":"C:\\Users\\31616\\Documents\\Apps\\MERN-stack-project\\frontend\\src\\utils\\validation\\companySloganValidator.jsx","statementMap":{"0":{"start":{"line":4,"column":16},"end":{"line":4,"column":69}},"1":{"start":{"line":6,"column":2},"end":{"line":6,"column":78}}},"fnMap":{"0":{"name":"companySloganValidator","decl":{"start":{"line":3,"column":9},"end":{"line":3,"column":31}},"loc":{"start":{"line":3,"column":40},"end":{"line":7,"column":1}},"line":3}},"branchMap":{"0":{"loc":{"start":{"line":6,"column":9},"end":{"line":6,"column":78}},"type":"binary-expr","locations":[{"start":{"line":6,"column":9},"end":{"line":6,"column":33}},{"start":{"line":6,"column":37},"end":{"line":6,"column":56}},{"start":{"line":6,"column":60},"end":{"line":6,"column":78}}],"line":6}},"s":{"0":9,"1":9},"f":{"0":9},"b":{"0":[9,8,7]},"_coverageSchema":"1a1c01bbd47fc00a2c39e90264f33305004495a9","hash":"bbfbec03b0163007e0c87ff481471a521275f22e"}
,"C:\\Users\\31616\\Documents\\Apps\\MERN-stack-project\\frontend\\src\\utils\\validation\\emailValidator.jsx": {"path":"C:\\Users\\31616\\Documents\\Apps\\MERN-stack-project\\frontend\\src\\utils\\validation\\emailValidator.jsx","statementMap":{"0":{"start":{"line":1,"column":23},"end":{"line":7,"column":1}},"1":{"start":{"line":3,"column":4},"end":{"line":3,"column":453}},"2":{"start":{"line":5,"column":22},"end":{"line":5,"column":34}},"3":{"start":{"line":6,"column":2},"end":{"line":6,"column":54}}},"fnMap":{"0":{"name":"(anonymous_0)","decl":{"start":{"line":1,"column":23},"end":{"line":1,"column":24}},"loc":{"start":{"line":1,"column":34},"end":{"line":7,"column":1}},"line":1}},"branchMap":{"0":{"loc":{"start":{"line":6,"column":9},"end":{"line":6,"column":54}},"type":"binary-expr","locations":[{"start":{"line":6,"column":9},"end":{"line":6,"column":26}},{"start":{"line":6,"column":30},"end":{"line":6,"column":54}}],"line":6}},"s":{"0":1,"1":14,"2":14,"3":14},"f":{"0":14},"b":{"0":[14,6]},"_coverageSchema":"1a1c01bbd47fc00a2c39e90264f33305004495a9","hash":"2ede08713641d15be8086aeb4078179b60656a26"}
}
